{"level":"warn","message":"Reset call received, downloading data again","timestamp":"2013-12-07T20:27:17.849Z"}
{"level":"warn","message":"Starting new fileworker process to do the heavy lifting","timestamp":"2013-12-07T20:27:17.854Z"}
{"level":"warn","message":"Exiting worker process abnormaly, pid: 2480","timestamp":"2013-12-07T20:27:18.187Z"}
{"level":"warn","message":"Reset call received, downloading data again","timestamp":"2013-12-07T20:28:46.539Z"}
{"level":"warn","message":"Starting new fileworker process to do the heavy lifting","timestamp":"2013-12-07T20:28:46.544Z"}
{"level":"warn","message":"Reset call received, downloading data again","timestamp":"2013-12-07T21:46:58.697Z"}
{"level":"warn","message":"Starting new fileworker process to do the heavy lifting","timestamp":"2013-12-07T21:46:58.699Z"}
{"level":"warn","message":"Starting new fileworker process to do the heavy lifting","timestamp":"2013-12-08T13:43:38.136Z"}
{"level":"warn","message":"json.zip file does not exist...","timestamp":"2013-12-08T13:43:38.503Z"}
{"level":"error","message":"Reading json.zip failed, please delete existing file and try again. Error: Invalid or unsupported zip format. No END header found","timestamp":"2013-12-08T13:43:44.847Z"}
{"level":"warn","message":"Exiting worker process abnormaly, pid: 5320","timestamp":"2013-12-08T13:43:44.833Z"}
{"level":"warn","message":"Starting new fileworker process to do the heavy lifting","timestamp":"2013-12-08T13:43:53.058Z"}
{"level":"warn","message":"Exiting worker process abnormaly, pid: 5320","timestamp":"2013-12-08T13:43:53.388Z"}
{"level":"warn","message":"Starting new fileworker process to do the heavy lifting","timestamp":"2013-12-08T13:44:25.570Z"}
{"level":"warn","message":"json.zip file does not exist...","timestamp":"2013-12-08T13:44:25.873Z"}
{"level":"warn","message":"Reset call received, downloading data again","timestamp":"2013-12-08T13:46:11.307Z"}
{"level":"warn","message":"Starting new fileworker process to do the heavy lifting","timestamp":"2013-12-08T13:46:11.314Z"}
{"level":"warn","message":"Reset call received, downloading data again","timestamp":"2013-12-08T13:47:11.519Z"}
{"level":"warn","message":"Starting new fileworker process to do the heavy lifting","timestamp":"2013-12-08T13:47:11.523Z"}
{"level":"warn","message":"Starting new fileworker process to do the heavy lifting","timestamp":"2013-12-08T13:50:39.295Z"}
{"level":"warn","message":"json.zip exists, but there is no result.json, starting unzip","timestamp":"2013-12-08T13:50:39.621Z"}
{"level":"warn","message":"Reset call received, downloading data again","timestamp":"2013-12-08T13:51:51.404Z"}
{"level":"warn","message":"Starting new fileworker process to do the heavy lifting","timestamp":"2013-12-08T13:51:51.406Z"}
{"level":"warn","message":"Exiting worker process abnormaly, pid: 5008","timestamp":"2013-12-08T13:51:59.366Z"}
{"level":"warn","message":"Reset call received, downloading data again","timestamp":"2013-12-08T13:52:11.360Z"}
{"level":"warn","message":"Starting new fileworker process to do the heavy lifting","timestamp":"2013-12-08T13:52:11.360Z"}
{"level":"warn","message":"Exiting worker process abnormaly, pid: 5008","timestamp":"2013-12-08T13:52:19.008Z"}
{"level":"warn","message":"Reset call received, downloading data again","timestamp":"2013-12-08T13:52:23.208Z"}
{"level":"warn","message":"Starting new fileworker process to do the heavy lifting","timestamp":"2013-12-08T13:52:23.209Z"}
{"level":"warn","message":"Exiting worker process abnormaly, pid: 5008","timestamp":"2013-12-08T13:52:31.282Z"}
{"level":"warn","message":"Reset call received, downloading data again","timestamp":"2013-12-08T13:52:34.985Z"}
{"level":"warn","message":"Starting new fileworker process to do the heavy lifting","timestamp":"2013-12-08T13:52:34.986Z"}
{"level":"warn","message":"Exiting worker process abnormaly, pid: 5008","timestamp":"2013-12-08T13:52:45.842Z"}
{"level":"warn","message":"Reset call received, downloading data again","timestamp":"2013-12-08T13:52:59.308Z"}
{"level":"warn","message":"Starting new fileworker process to do the heavy lifting","timestamp":"2013-12-08T13:52:59.309Z"}
{"level":"warn","message":"Reset call received, downloading data again","timestamp":"2013-12-08T14:03:15.248Z"}
{"level":"warn","message":"Starting new fileworker process to do the heavy lifting","timestamp":"2013-12-08T14:03:15.251Z"}
{"level":"warn","message":"Reset call received, downloading data again","timestamp":"2013-12-08T14:15:50.860Z"}
{"level":"warn","message":"Starting new fileworker process to do the heavy lifting","timestamp":"2013-12-08T14:15:50.865Z"}
{"date":"Sun Dec 08 2013 15:16:00 GMT+0100 (W. Europe Standard Time)","process":{"pid":5512,"uid":null,"gid":null,"cwd":"c:\\Users\\jaakkju\\Dropbox\\Projektit\\facebook-open-academy","execPath":"c:\\tools\\nodejs\\node.exe","version":"v0.10.21","argv":["c:\\tools\\nodejs\\node.exe","c:\\Users\\jaakkju\\Dropbox\\Projektit\\facebook-open-academy\\worker.js"],"memoryUsage":{"rss":33275904,"heapTotal":11344896,"heapUsed":5626200}},"os":{"loadavg":[0,0,0],"uptime":2557.6556171},"trace":[{"column":10,"file":"c:\\Users\\jaakkju\\Dropbox\\Projektit\\facebook-open-academy\\worker.js","function":"","line":185,"method":null,"native":false},{"column":20,"file":"events.js","function":"IncomingMessage.EventEmitter.emit","line":117,"method":"EventEmitter.emit","native":false},{"column":16,"file":"_stream_readable.js","function":null,"line":920,"method":null,"native":false},{"column":13,"file":"node.js","function":"process._tickCallback","line":415,"method":"_tickCallback","native":false}],"stack":["TypeError: Object #<WriteStream> has no method 'closeSync'","    at IncomingMessage.<anonymous> (c:\\Users\\jaakkju\\Dropbox\\Projektit\\facebook-open-academy\\worker.js:185:10)","    at IncomingMessage.EventEmitter.emit (events.js:117:20)","    at _stream_readable.js:920:16","    at process._tickCallback (node.js:415:13)"],"level":"error","message":"uncaughtException: Object #<WriteStream> has no method 'closeSync'","timestamp":"2013-12-08T14:16:00.261Z"}
{"level":"warn","message":"Exiting worker process abnormaly, pid: 932","timestamp":"2013-12-08T14:16:00.280Z"}
{"level":"warn","message":"Reset call received, downloading data again","timestamp":"2013-12-08T14:29:09.934Z"}
{"level":"warn","message":"Starting new fileworker process to do the heavy lifting","timestamp":"2013-12-08T14:29:09.936Z"}
{"date":"Sun Dec 08 2013 15:29:20 GMT+0100 (W. Europe Standard Time)","process":{"pid":2792,"uid":null,"gid":null,"cwd":"c:\\Users\\jaakkju\\Dropbox\\Projektit\\facebook-open-academy","execPath":"c:\\tools\\nodejs\\node.exe","version":"v0.10.21","argv":["c:\\tools\\nodejs\\node.exe","c:\\Users\\jaakkju\\Dropbox\\Projektit\\facebook-open-academy\\worker.js"],"memoryUsage":{"rss":444817408,"heapTotal":11344896,"heapUsed":4230024}},"os":{"loadavg":[0,0,0],"uptime":3357.9376171},"trace":[{"column":13,"file":"node.js","function":"process._tickCallback","line":415,"method":"_tickCallback","native":false}],"stack":["TypeError: undefined is not a function","    at process._tickCallback (node.js:415:13)"],"level":"error","message":"uncaughtException: undefined is not a function","timestamp":"2013-12-08T14:29:20.546Z"}
{"level":"warn","message":"Exiting worker process abnormaly, pid: 5700","timestamp":"2013-12-08T14:29:20.612Z"}
{"level":"warn","message":"Reset call received, downloading data again","timestamp":"2013-12-08T14:35:51.366Z"}
{"level":"warn","message":"Starting new fileworker process to do the heavy lifting","timestamp":"2013-12-08T14:35:51.370Z"}
{"level":"warn","message":"Reset call received, downloading data again","timestamp":"2013-12-08T14:36:30.591Z"}
{"level":"warn","message":"Starting new fileworker process to do the heavy lifting","timestamp":"2013-12-08T14:36:30.593Z"}
{"level":"warn","message":"Exiting worker process abnormaly, pid: 1720","timestamp":"2013-12-08T14:36:38.450Z"}
{"level":"warn","message":"Reset call received, downloading data again","timestamp":"2013-12-08T14:36:46.450Z"}
{"level":"warn","message":"Starting new fileworker process to do the heavy lifting","timestamp":"2013-12-08T14:36:46.451Z"}
{"level":"warn","message":"Reset call received, downloading data again","timestamp":"2013-12-08T14:40:53.170Z"}
{"level":"warn","message":"Starting new fileworker process to do the heavy lifting","timestamp":"2013-12-08T14:40:53.174Z"}
{"date":"Sun Dec 08 2013 15:41:03 GMT+0100 (W. Europe Standard Time)","process":{"pid":6088,"uid":null,"gid":null,"cwd":"c:\\Users\\jaakkju\\Dropbox\\Projektit\\facebook-open-academy","execPath":"c:\\tools\\nodejs\\node.exe","version":"v0.10.21","argv":["c:\\tools\\nodejs\\node.exe","c:\\Users\\jaakkju\\Dropbox\\Projektit\\facebook-open-academy\\worker.js"],"memoryUsage":{"rss":34009088,"heapTotal":11344896,"heapUsed":5849128}},"os":{"loadavg":[0,0,0],"uptime":4060.7456171},"trace":[{"column":10,"file":"c:\\Users\\jaakkju\\Dropbox\\Projektit\\facebook-open-academy\\worker.js","function":"","line":183,"method":null,"native":false},{"column":20,"file":"events.js","function":"IncomingMessage.EventEmitter.emit","line":117,"method":"EventEmitter.emit","native":false},{"column":16,"file":"_stream_readable.js","function":null,"line":920,"method":null,"native":false},{"column":13,"file":"node.js","function":"process._tickCallback","line":415,"method":"_tickCallback","native":false}],"stack":["TypeError: Object #<WriteStream> has no method 'closeSync'","    at IncomingMessage.<anonymous> (c:\\Users\\jaakkju\\Dropbox\\Projektit\\facebook-open-academy\\worker.js:183:10)","    at IncomingMessage.EventEmitter.emit (events.js:117:20)","    at _stream_readable.js:920:16","    at process._tickCallback (node.js:415:13)"],"level":"error","message":"uncaughtException: Object #<WriteStream> has no method 'closeSync'","timestamp":"2013-12-08T14:41:03.358Z"}
{"level":"warn","message":"Exiting worker process abnormaly, pid: 4304","timestamp":"2013-12-08T14:41:03.371Z"}
{"level":"warn","message":"Reset call received, downloading data again","timestamp":"2013-12-08T14:41:28.778Z"}
{"level":"warn","message":"Starting new fileworker process to do the heavy lifting","timestamp":"2013-12-08T14:41:28.782Z"}
{"level":"warn","message":"Reset call received, downloading data again","timestamp":"2013-12-08T14:42:15.063Z"}
{"level":"warn","message":"Starting new fileworker process to do the heavy lifting","timestamp":"2013-12-08T14:42:15.068Z"}
{"level":"warn","message":"Starting new fileworker process to do the heavy lifting","timestamp":"2013-12-08T14:45:43.010Z"}
{"level":"warn","message":"json.zip file does not exist...","timestamp":"2013-12-08T14:45:43.352Z"}
{"level":"warn","message":"Reset call received, downloading data again","timestamp":"2013-12-08T14:46:25.786Z"}
{"level":"warn","message":"Starting new fileworker process to do the heavy lifting","timestamp":"2013-12-08T14:46:25.791Z"}
{"date":"Sun Dec 08 2013 15:46:26 GMT+0100 (W. Europe Standard Time)","process":{"pid":4336,"uid":null,"gid":null,"cwd":"c:\\Users\\jaakkju\\Dropbox\\Projektit\\facebook-open-academy","execPath":"c:\\tools\\nodejs\\node.exe","version":"v0.10.21","argv":["c:\\tools\\nodejs\\node.exe","c:\\Users\\jaakkju\\Dropbox\\Projektit\\facebook-open-academy\\worker.js"],"memoryUsage":{"rss":19021824,"heapTotal":9293056,"heapUsed":5024960}},"os":{"loadavg":[0,0,0],"uptime":4383.4566171},"trace":[{"column":3,"file":"c:\\Users\\jaakkju\\Dropbox\\Projektit\\facebook-open-academy\\worker.js","function":"","line":207,"method":null,"native":false},{"column":17,"file":"events.js","function":"process.EventEmitter.emit","line":98,"method":"EventEmitter.emit","native":false},{"column":10,"file":"child_process.js","function":"handleMessage","line":318,"method":null,"native":false},{"column":11,"file":"child_process.js","function":"Pipe.channel.onread","line":345,"method":"channel.onread","native":false}],"stack":["ReferenceError: getZipfile is not defined","    at process.<anonymous> (c:\\Users\\jaakkju\\Dropbox\\Projektit\\facebook-open-academy\\worker.js:207:3)","    at process.EventEmitter.emit (events.js:98:17)","    at handleMessage (child_process.js:318:10)","    at Pipe.channel.onread (child_process.js:345:11)"],"level":"error","message":"uncaughtException: getZipfile is not defined","timestamp":"2013-12-08T14:46:26.066Z"}
{"level":"warn","message":"Exiting worker process abnormaly, pid: 5720","timestamp":"2013-12-08T14:46:26.076Z"}
{"level":"warn","message":"Reset call received, downloading data again","timestamp":"2013-12-08T14:48:31.778Z"}
{"level":"warn","message":"Starting new fileworker process to do the heavy lifting","timestamp":"2013-12-08T14:48:31.782Z"}
{"level":"warn","message":"Reset call received, downloading data again","timestamp":"2013-12-08T14:50:17.271Z"}
{"level":"warn","message":"Starting new fileworker process to do the heavy lifting","timestamp":"2013-12-08T14:50:17.273Z"}
{"level":"warn","message":"Starting new fileworker process to do the heavy lifting","timestamp":"2013-12-08T14:51:52.334Z"}
{"level":"warn","message":"json.zip exists, but there is no result.json, starting unzip","timestamp":"2013-12-08T14:51:52.634Z"}
{"level":"warn","message":"Starting new fileworker process to do the heavy lifting","timestamp":"2013-12-08T15:02:12.186Z"}
{"level":"warn","message":"json.zip file does not exist...","timestamp":"2013-12-08T15:02:12.538Z"}
{"level":"error","message":"JSON parsing failed, please delete existing file and try again. Error: ","timestamp":"2013-12-08T15:02:45.711Z"}
{"level":"warn","message":"Exiting worker process abnormaly, pid: 4576","timestamp":"2013-12-08T15:02:45.899Z"}
{"level":"error","message":"Error while parsing c:\\Users\\jaakkju\\Dropbox\\Projektit\\facebook-open-academy\\cert-fi_data\\result.json to JSON","timestamp":"2013-12-08T15:04:11.646Z"}
{"level":"warn","message":"Starting new fileworker process to do the heavy lifting","timestamp":"2013-12-08T15:08:20.061Z"}
{"level":"warn","message":"json.zip exists, but there is no result.json, starting unzip","timestamp":"2013-12-08T15:08:20.370Z"}
{"level":"error","message":"JSON parsing failed, please delete existing file and try again. Error: ","timestamp":"2013-12-08T15:08:47.960Z"}
{"level":"warn","message":"Exiting worker process abnormaly, pid: 5600","timestamp":"2013-12-08T15:08:48.124Z"}
{"level":"warn","message":"Starting new fileworker process to do the heavy lifting","timestamp":"2013-12-08T15:12:03.072Z"}
{"level":"warn","message":"json.zip file does not exist...","timestamp":"2013-12-08T15:12:03.408Z"}
{"level":"error","message":"JSON parsing failed, please delete existing file and try again. Error: ","timestamp":"2013-12-08T15:12:39.481Z"}
{"level":"warn","message":"Exiting worker process abnormaly, pid: 5400","timestamp":"2013-12-08T15:12:39.668Z"}
{"level":"error","message":"Error while parsing c:\\Users\\jaakkju\\Dropbox\\Projektit\\facebook-open-academy\\cert-fi_data\\result.json to JSON","timestamp":"2013-12-08T15:15:07.085Z"}
{"level":"warn","message":"Starting new fileworker process to do the heavy lifting","timestamp":"2013-12-08T15:15:33.610Z"}
{"level":"warn","message":"json.zip exists, but there is no result.json, starting unzip","timestamp":"2013-12-08T15:15:33.910Z"}
{"level":"error","message":"JSON parsing failed, please delete existing file and try again. Error: ","timestamp":"2013-12-08T15:16:01.708Z"}
{"level":"warn","message":"Exiting worker process abnormaly, pid: 3408","timestamp":"2013-12-08T15:16:01.868Z"}
{"level":"warn","message":"Starting new fileworker process to do the heavy lifting","timestamp":"2013-12-08T15:18:44.276Z"}
{"level":"warn","message":"json.zip exists, but there is no result.json, starting unzip","timestamp":"2013-12-08T15:18:44.627Z"}
{"level":"error","message":"JSON parsing failed, please delete existing file and try again. Error: ","timestamp":"2013-12-08T15:19:11.593Z"}
{"level":"warn","message":"Exiting worker process abnormaly, pid: 5912","timestamp":"2013-12-08T15:19:11.780Z"}
{"level":"warn","message":"Starting new fileworker process to do the heavy lifting","timestamp":"2013-12-08T15:22:46.083Z"}
{"level":"warn","message":"json.zip exists, but there is no result.json, starting unzip","timestamp":"2013-12-08T15:22:46.383Z"}
{"level":"error","message":"JSON parsing failed, please delete existing file and try again. Error: ","timestamp":"2013-12-08T15:23:14.107Z"}
{"level":"warn","message":"Exiting worker process abnormaly, pid: 4080","timestamp":"2013-12-08T15:23:14.271Z"}
{"level":"error","message":"Error while parsing c:\\Users\\jaakkju\\Dropbox\\Projektit\\facebook-open-academy\\cert-fi_data\\result.json to JSON","timestamp":"2013-12-08T15:24:27.240Z"}
{"level":"warn","message":"Starting new fileworker process to do the heavy lifting","timestamp":"2013-12-08T15:24:37.843Z"}
{"level":"warn","message":"Reset call received, downloading data again","timestamp":"2013-12-08T15:35:35.976Z"}
{"level":"warn","message":"Starting new fileworker process to do the heavy lifting","timestamp":"2013-12-08T15:35:35.980Z"}
{"level":"warn","message":"Starting new fileworker process to do the heavy lifting","timestamp":"2013-12-08T15:36:14.390Z"}
{"level":"warn","message":"json.zip file does not exist...","timestamp":"2013-12-08T15:36:14.691Z"}
{"level":"warn","message":"Reset call received, downloading data again","timestamp":"2013-12-08T15:37:34.601Z"}
{"level":"warn","message":"Starting new fileworker process to do the heavy lifting","timestamp":"2013-12-08T15:37:34.605Z"}
{"level":"warn","message":"Starting new fileworker process to do the heavy lifting","timestamp":"2013-12-08T15:38:35.205Z"}
{"level":"warn","message":"json.zip exists, but there is no result.json, starting unzip","timestamp":"2013-12-08T15:38:35.515Z"}
